     1 00000000                                 [FORMAT "WCOFF"]
     2 00000000                                 [INSTRSET "i486p"]
     3 00000000                                 [OPTIMIZE 1]
     4 00000000                                 [OPTION 1]
     5 00000000                                 [BITS 32]
     6 00000000                                 	EXTERN	_init_gdtidt
     7 00000000                                 	EXTERN	_init_pic
     8 00000000                                 	EXTERN	_io_sti
     9 00000000                                 	EXTERN	_fifo32_init
    10 00000000                                 	EXTERN	_init_pit
    11 00000000                                 	EXTERN	_init_keyboard
    12 00000000                                 	EXTERN	_enable_mouse
    13 00000000                                 	EXTERN	_io_out8
    14 00000000                                 	EXTERN	_memtest
    15 00000000                                 	EXTERN	_memman_init
    16 00000000                                 	EXTERN	_memman_free
    17 00000000                                 	EXTERN	_init_palette
    18 00000000                                 	EXTERN	_shtctl_init
    19 00000000                                 	EXTERN	_task_init
    20 00000000                                 	EXTERN	_task_run
    21 00000000                                 	EXTERN	_sheet_alloc
    22 00000000                                 	EXTERN	_memman_alloc_4k
    23 00000000                                 	EXTERN	_sheet_setbuf
    24 00000000                                 	EXTERN	_init_screen8
    25 00000000                                 	EXTERN	_nic_init
    26 00000000                                 	EXTERN	_nic_mac_addr
    27 00000000                                 	EXTERN	_sprintf
    28 00000000                                 	EXTERN	_putfonts8_asc
    29 00000000                                 	EXTERN	_init_mouse_cursor8
    30 00000000                                 	EXTERN	_sheet_slide
    31 00000000                                 	EXTERN	_sheet_updown
    32 00000000                                 	EXTERN	_fifo32_put
    33 00000000                                 	EXTERN	_file_readfat
    34 00000000                                 	EXTERN	_file_search
    35 00000000                                 	EXTERN	_file_loadfile2
    36 00000000                                 	EXTERN	_memman_free_4k
    37 00000000                                 	EXTERN	_fifo32_status
    38 00000000                                 	EXTERN	_io_cli
    39 00000000                                 	EXTERN	_fifo32_get
    40 00000000                                 	EXTERN	_sheet_free
    41 00000000                                 	EXTERN	_taskctl
    42 00000000                                 	EXTERN	_mouse_decode
    43 00000000                                 	EXTERN	_cons_putstr0
    44 00000000                                 	EXTERN	_asm_end_app
    45 00000000                                 	EXTERN	_keytable0.0
    46 00000000                                 	EXTERN	_wait_KBC_sendready
    47 00000000                                 	EXTERN	_keytable1.1
    48 00000000                                 	EXTERN	_task_sleep
    49 00000000                                 	EXTERN	_hankaku
    50 00000000                                 	EXTERN	_change_wtitle8
    51 00000000                                 	EXTERN	_task_alloc
    52 00000000                                 	EXTERN	_console_task
    53 00000000                                 	EXTERN	_make_window8
    54 00000000                                 	EXTERN	_make_textbox8
    55 00000000                                 [FILE "bootpack.c"]
    56                                          [SECTION .data]
    57 00000000                                 _keytable0.0:
    58 00000000 00                              	DB	0
    59 00000001 00                              	DB	0
    60 00000002 31                              	DB	49
    61 00000003 32                              	DB	50
    62 00000004 33                              	DB	51
    63 00000005 34                              	DB	52
    64 00000006 35                              	DB	53
    65 00000007 36                              	DB	54
    66 00000008 37                              	DB	55
    67 00000009 38                              	DB	56
    68 0000000A 39                              	DB	57
    69 0000000B 30                              	DB	48
    70 0000000C 2D                              	DB	45
    71 0000000D 5E                              	DB	94
    72 0000000E 00                              	DB	0
    73 0000000F 00                              	DB	0
    74 00000010 51                              	DB	81
    75 00000011 57                              	DB	87
    76 00000012 45                              	DB	69
    77 00000013 52                              	DB	82
    78 00000014 54                              	DB	84
    79 00000015 59                              	DB	89
    80 00000016 55                              	DB	85
    81 00000017 49                              	DB	73
    82 00000018 4F                              	DB	79
    83 00000019 50                              	DB	80
    84 0000001A 40                              	DB	64
    85 0000001B 5B                              	DB	91
    86 0000001C 00                              	DB	0
    87 0000001D 00                              	DB	0
    88 0000001E 41                              	DB	65
    89 0000001F 53                              	DB	83
    90 00000020 44                              	DB	68
    91 00000021 46                              	DB	70
    92 00000022 47                              	DB	71
    93 00000023 48                              	DB	72
    94 00000024 4A                              	DB	74
    95 00000025 4B                              	DB	75
    96 00000026 4C                              	DB	76
    97 00000027 3B                              	DB	59
    98 00000028 3A                              	DB	58
    99 00000029 00                              	DB	0
   100 0000002A 00                              	DB	0
   101 0000002B 5D                              	DB	93
   102 0000002C 5A                              	DB	90
   103 0000002D 58                              	DB	88
   104 0000002E 43                              	DB	67
   105 0000002F 56                              	DB	86
   106 00000030 42                              	DB	66
   107 00000031 4E                              	DB	78
   108 00000032 4D                              	DB	77
   109 00000033 2C                              	DB	44
   110 00000034 2E                              	DB	46
   111 00000035 2F                              	DB	47
   112 00000036 00                              	DB	0
   113 00000037 2A                              	DB	42
   114 00000038 00                              	DB	0
   115 00000039 20                              	DB	32
   116 0000003A 00                              	DB	0
   117 0000003B 00                              	DB	0
   118 0000003C 00                              	DB	0
   119 0000003D 00                              	DB	0
   120 0000003E 00                              	DB	0
   121 0000003F 00                              	DB	0
   122 00000040 00                              	DB	0
   123 00000041 00                              	DB	0
   124 00000042 00                              	DB	0
   125 00000043 00                              	DB	0
   126 00000044 00                              	DB	0
   127 00000045 00                              	DB	0
   128 00000046 00                              	DB	0
   129 00000047 37                              	DB	55
   130 00000048 38                              	DB	56
   131 00000049 39                              	DB	57
   132 0000004A 2D                              	DB	45
   133 0000004B 34                              	DB	52
   134 0000004C 35                              	DB	53
   135 0000004D 36                              	DB	54
   136 0000004E 2B                              	DB	43
   137 0000004F 31                              	DB	49
   138 00000050 32                              	DB	50
   139 00000051 33                              	DB	51
   140 00000052 30                              	DB	48
   141 00000053 2E                              	DB	46
   142 00000054 00                              	DB	0
   143 00000055 00                              	DB	0
   144 00000056 00                              	DB	0
   145 00000057 00                              	DB	0
   146 00000058 00                              	DB	0
   147 00000059 00                              	DB	0
   148 0000005A 00                              	DB	0
   149 0000005B 00                              	DB	0
   150 0000005C 00                              	DB	0
   151 0000005D 00                              	DB	0
   152 0000005E 00                              	DB	0
   153 0000005F 00                              	DB	0
   154 00000060 00                              	DB	0
   155 00000061 00                              	DB	0
   156 00000062 00                              	DB	0
   157 00000063 00                              	DB	0
   158 00000064 00                              	DB	0
   159 00000065 00                              	DB	0
   160 00000066 00                              	DB	0
   161 00000067 00                              	DB	0
   162 00000068 00                              	DB	0
   163 00000069 00                              	DB	0
   164 0000006A 00                              	DB	0
   165 0000006B 00                              	DB	0
   166 0000006C 00                              	DB	0
   167 0000006D 00                              	DB	0
   168 0000006E 00                              	DB	0
   169 0000006F 00                              	DB	0
   170 00000070 00                              	DB	0
   171 00000071 00                              	DB	0
   172 00000072 00                              	DB	0
   173 00000073 5C                              	DB	92
   174 00000074 00                              	DB	0
   175 00000075 00                              	DB	0
   176 00000076 00                              	DB	0
   177 00000077 00                              	DB	0
   178 00000078 00                              	DB	0
   179 00000079 00                              	DB	0
   180 0000007A 00                              	DB	0
   181 0000007B 00                              	DB	0
   182 0000007C 00                              	DB	0
   183 0000007D 5C                              	DB	92
   184 0000007E 00                              	DB	0
   185 0000007F 00                              	DB	0
   186 00000080                                 _keytable1.1:
   187 00000080 00                              	DB	0
   188 00000081 00                              	DB	0
   189 00000082 21                              	DB	33
   190 00000083 22                              	DB	34
   191 00000084 23                              	DB	35
   192 00000085 24                              	DB	36
   193 00000086 25                              	DB	37
   194 00000087 26                              	DB	38
   195 00000088 27                              	DB	39
   196 00000089 28                              	DB	40
   197 0000008A 29                              	DB	41
   198 0000008B 7E                              	DB	126
   199 0000008C 3D                              	DB	61
   200 0000008D 7E                              	DB	126
   201 0000008E 00                              	DB	0
   202 0000008F 00                              	DB	0
   203 00000090 51                              	DB	81
   204 00000091 57                              	DB	87
   205 00000092 45                              	DB	69
   206 00000093 52                              	DB	82
   207 00000094 54                              	DB	84
   208 00000095 59                              	DB	89
   209 00000096 55                              	DB	85
   210 00000097 49                              	DB	73
   211 00000098 4F                              	DB	79
   212 00000099 50                              	DB	80
   213 0000009A 60                              	DB	96
   214 0000009B 7B                              	DB	123
   215 0000009C 00                              	DB	0
   216 0000009D 00                              	DB	0
   217 0000009E 41                              	DB	65
   218 0000009F 53                              	DB	83
   219 000000A0 44                              	DB	68
   220 000000A1 46                              	DB	70
   221 000000A2 47                              	DB	71
   222 000000A3 48                              	DB	72
   223 000000A4 4A                              	DB	74
   224 000000A5 4B                              	DB	75
   225 000000A6 4C                              	DB	76
   226 000000A7 2B                              	DB	43
   227 000000A8 2A                              	DB	42
   228 000000A9 00                              	DB	0
   229 000000AA 00                              	DB	0
   230 000000AB 7D                              	DB	125
   231 000000AC 5A                              	DB	90
   232 000000AD 58                              	DB	88
   233 000000AE 43                              	DB	67
   234 000000AF 56                              	DB	86
   235 000000B0 42                              	DB	66
   236 000000B1 4E                              	DB	78
   237 000000B2 4D                              	DB	77
   238 000000B3 3C                              	DB	60
   239 000000B4 3E                              	DB	62
   240 000000B5 3F                              	DB	63
   241 000000B6 00                              	DB	0
   242 000000B7 2A                              	DB	42
   243 000000B8 00                              	DB	0
   244 000000B9 20                              	DB	32
   245 000000BA 00                              	DB	0
   246 000000BB 00                              	DB	0
   247 000000BC 00                              	DB	0
   248 000000BD 00                              	DB	0
   249 000000BE 00                              	DB	0
   250 000000BF 00                              	DB	0
   251 000000C0 00                              	DB	0
   252 000000C1 00                              	DB	0
   253 000000C2 00                              	DB	0
   254 000000C3 00                              	DB	0
   255 000000C4 00                              	DB	0
   256 000000C5 00                              	DB	0
   257 000000C6 00                              	DB	0
   258 000000C7 37                              	DB	55
   259 000000C8 38                              	DB	56
   260 000000C9 39                              	DB	57
   261 000000CA 2D                              	DB	45
   262 000000CB 34                              	DB	52
   263 000000CC 35                              	DB	53
   264 000000CD 36                              	DB	54
   265 000000CE 2B                              	DB	43
   266 000000CF 31                              	DB	49
   267 000000D0 32                              	DB	50
   268 000000D1 33                              	DB	51
   269 000000D2 30                              	DB	48
   270 000000D3 2E                              	DB	46
   271 000000D4 00                              	DB	0
   272 000000D5 00                              	DB	0
   273 000000D6 00                              	DB	0
   274 000000D7 00                              	DB	0
   275 000000D8 00                              	DB	0
   276 000000D9 00                              	DB	0
   277 000000DA 00                              	DB	0
   278 000000DB 00                              	DB	0
   279 000000DC 00                              	DB	0
   280 000000DD 00                              	DB	0
   281 000000DE 00                              	DB	0
   282 000000DF 00                              	DB	0
   283 000000E0 00                              	DB	0
   284 000000E1 00                              	DB	0
   285 000000E2 00                              	DB	0
   286 000000E3 00                              	DB	0
   287 000000E4 00                              	DB	0
   288 000000E5 00                              	DB	0
   289 000000E6 00                              	DB	0
   290 000000E7 00                              	DB	0
   291 000000E8 00                              	DB	0
   292 000000E9 00                              	DB	0
   293 000000EA 00                              	DB	0
   294 000000EB 00                              	DB	0
   295 000000EC 00                              	DB	0
   296 000000ED 00                              	DB	0
   297 000000EE 00                              	DB	0
   298 000000EF 00                              	DB	0
   299 000000F0 00                              	DB	0
   300 000000F1 00                              	DB	0
   301 000000F2 00                              	DB	0
   302 000000F3 5F                              	DB	95
   303 000000F4 00                              	DB	0
   304 000000F5 00                              	DB	0
   305 000000F6 00                              	DB	0
   306 000000F7 00                              	DB	0
   307 000000F8 00                              	DB	0
   308 000000F9 00                              	DB	0
   309 000000FA 00                              	DB	0
   310 000000FB 00                              	DB	0
   311 000000FC 00                              	DB	0
   312 000000FD 7C                              	DB	124
   313 000000FE 00                              	DB	0
   314 000000FF 00                              	DB	0
   315 00000100                                 LC0:
   316 00000100 6E 69 63 5F 6D 61 63 5F 61 64   	DB	"nic_mac_addr: %02x:%02x:%02x:%02x:%02x:%02x",0x00
       0000010A 64 72 3A 20 25 30 32 78 3A 25 
       00000114 30 32 78 3A 25 30 32 78 3A 25 
       0000011E 30 32 78 3A 25 30 32 78 3A 25 
       00000128 30 32 78 00 
   317 0000012C                                 LC1:
   318 0000012C 66 69 6C 65 6E 61 6D 65 2E 65   	DB	"filename.ext   %7d",0x00
       00000136 78 74 20 20 20 25 37 64 00 
   319 0000013F                                 LC2:
   320 0000013F 6E 69 68 6F 6E 67 6F 2E 66 6E   	DB	"nihongo.fnt",0x00
       00000149 74 00 
   321 0000014B                                 LC4:
   322 0000014B 0A 42 72 65 61 6B 28 6D 6F 75   	DB	0x0A,"Break(mouse) :",0x0A,0x00
       00000155 73 65 29 20 3A 0A 00 
   323 0000015C                                 LC3:
   324 0000015C 0A 42 72 65 61 6B 28 6B 65 79   	DB	0x0A,"Break(key) :",0x0A,0x00
       00000166 29 20 3A 0A 00 
   325                                          [SECTION .text]
   326 00000000                                 	GLOBAL	_HariMain
   327 00000000                                 _HariMain:
   328 00000000 55                              	PUSH	EBP
   329 00000001 89 E5                           	MOV	EBP,ESP
   330 00000003 57                              	PUSH	EDI
   331 00000004 56                              	PUSH	ESI
   332 00000005 53                              	PUSH	EBX
   333 00000006 8D 5D A4                        	LEA	EBX,DWORD [-92+EBP]
   334 00000009 81 EC 00000450                  	SUB	ESP,1104
   335 0000000F C7 85 FFFFFBE8 FFFFFFFF         	MOV	DWORD [-1048+EBP],-1
   336 00000019 C7 85 FFFFFBE4 00000000         	MOV	DWORD [-1052+EBP],0
   337 00000023 C7 85 FFFFFBE0 7FFFFFFF         	MOV	DWORD [-1056+EBP],2147483647
   338 0000002D C7 85 FFFFFBDC 00000000         	MOV	DWORD [-1060+EBP],0
   339 00000037 C7 85 FFFFFBC8 00000000         	MOV	DWORD [-1080+EBP],0
   340 00000041 A0 00000FF1                     	MOV	AL,BYTE [4081]
   341 00000046 C0 F8 04                        	SAR	AL,4
   342 00000049 89 C2                           	MOV	EDX,EAX
   343 0000004B 83 E2 07                        	AND	EDX,7
   344 0000004E 89 95 FFFFFBC4                  	MOV	DWORD [-1084+EBP],EDX
   345 00000054 C7 85 FFFFFBC0 FFFFFFFF         	MOV	DWORD [-1088+EBP],-1
   346 0000005E C7 85 FFFFFBBC FFFFFFFF         	MOV	DWORD [-1092+EBP],-1
   347 00000068 C7 85 FFFFFBB8 FFFFFFFF         	MOV	DWORD [-1096+EBP],-1
   348 00000072 C7 85 FFFFFBB4 00000000         	MOV	DWORD [-1100+EBP],0
   349 0000007C C7 85 FFFFFBB0 00000000         	MOV	DWORD [-1104+EBP],0
   350 00000086 E8 [00000000]                   	CALL	_init_gdtidt
   351 0000008B E8 [00000000]                   	CALL	_init_pic
   352 00000090 E8 [00000000]                   	CALL	_io_sti
   353 00000095 8D 85 FFFFFD84                  	LEA	EAX,DWORD [-636+EBP]
   354 0000009B 6A 00                           	PUSH	0
   355 0000009D 50                              	PUSH	EAX
   356 0000009E 68 00000080                     	PUSH	128
   357 000000A3 53                              	PUSH	EBX
   358 000000A4 E8 [00000000]                   	CALL	_fifo32_init
   359 000000A9 89 1D 00000FEC                  	MOV	DWORD [4076],EBX
   360 000000AF E8 [00000000]                   	CALL	_init_pit
   361 000000B4 68 00000100                     	PUSH	256
   362 000000B9 53                              	PUSH	EBX
   363 000000BA E8 [00000000]                   	CALL	_init_keyboard
   364 000000BF 8D 85 FFFFFCF4                  	LEA	EAX,DWORD [-780+EBP]
   365 000000C5 50                              	PUSH	EAX
   366 000000C6 68 00000200                     	PUSH	512
   367 000000CB 53                              	PUSH	EBX
   368 000000CC 8D 5D C4                        	LEA	EBX,DWORD [-60+EBP]
   369 000000CF E8 [00000000]                   	CALL	_enable_mouse
   370 000000D4 83 C4 24                        	ADD	ESP,36
   371 000000D7 68 000000F8                     	PUSH	248
   372 000000DC 6A 21                           	PUSH	33
   373 000000DE E8 [00000000]                   	CALL	_io_out8
   374 000000E3 68 000000EF                     	PUSH	239
   375 000000E8 68 000000A1                     	PUSH	161
   376 000000ED E8 [00000000]                   	CALL	_io_out8
   377 000000F2 8D 85 FFFFFD04                  	LEA	EAX,DWORD [-764+EBP]
   378 000000F8 6A 00                           	PUSH	0
   379 000000FA 50                              	PUSH	EAX
   380 000000FB 8D 45 84                        	LEA	EAX,DWORD [-124+EBP]
   381 000000FE 6A 20                           	PUSH	32
   382 00000100 50                              	PUSH	EAX
   383 00000101 E8 [00000000]                   	CALL	_fifo32_init
   384 00000106 83 C4 20                        	ADD	ESP,32
   385 00000109 68 BFFFFFFF                     	PUSH	-1073741825
   386 0000010E 68 00400000                     	PUSH	4194304
   387 00000113 E8 [00000000]                   	CALL	_memtest
   388 00000118 68 003C0000                     	PUSH	3932160
   389 0000011D 89 85 FFFFFBD8                  	MOV	DWORD [-1064+EBP],EAX
   390 00000123 E8 [00000000]                   	CALL	_memman_init
   391 00000128 68 0009E000                     	PUSH	647168
   392 0000012D 68 00001000                     	PUSH	4096
   393 00000132 68 003C0000                     	PUSH	3932160
   394 00000137 E8 [00000000]                   	CALL	_memman_free
   395 0000013C 8B 85 FFFFFBD8                  	MOV	EAX,DWORD [-1064+EBP]
   396 00000142 2D 00400000                     	SUB	EAX,4194304
   397 00000147 50                              	PUSH	EAX
   398 00000148 68 00400000                     	PUSH	4194304
   399 0000014D 68 003C0000                     	PUSH	3932160
   400 00000152 E8 [00000000]                   	CALL	_memman_free
   401 00000157 83 C4 24                        	ADD	ESP,36
   402 0000015A E8 [00000000]                   	CALL	_init_palette
   403 0000015F 0F BF 05 00000FF6               	MOVSX	EAX,WORD [4086]
   404 00000166 50                              	PUSH	EAX
   405 00000167 0F BF 05 00000FF4               	MOVSX	EAX,WORD [4084]
   406 0000016E 50                              	PUSH	EAX
   407 0000016F FF 35 00000FF8                  	PUSH	DWORD [4088]
   408 00000175 68 003C0000                     	PUSH	3932160
   409 0000017A E8 [00000000]                   	CALL	_shtctl_init
   410 0000017F 68 003C0000                     	PUSH	3932160
   411 00000184 89 85 FFFFFBEC                  	MOV	DWORD [-1044+EBP],EAX
   412 0000018A E8 [00000000]                   	CALL	_task_init
   413 0000018F 6A 02                           	PUSH	2
   414 00000191 6A 01                           	PUSH	1
   415 00000193 89 85 FFFFFBCC                  	MOV	DWORD [-1076+EBP],EAX
   416 00000199 50                              	PUSH	EAX
   417 0000019A 89 45 BC                        	MOV	DWORD [-68+EBP],EAX
   418 0000019D E8 [00000000]                   	CALL	_task_run
   419 000001A2 83 C4 20                        	ADD	ESP,32
   420 000001A5 8B 85 FFFFFBCC                  	MOV	EAX,DWORD [-1076+EBP]
   421 000001AB 8B 8D FFFFFBEC                  	MOV	ECX,DWORD [-1044+EBP]
   422 000001B1 89 0D 00000FE4                  	MOV	DWORD [4068],ECX
   423 000001B7 C6 80 000000BC 00               	MOV	BYTE [188+EAX],0
   424 000001BE 51                              	PUSH	ECX
   425 000001BF E8 [00000000]                   	CALL	_sheet_alloc
   426 000001C4 0F BF 15 00000FF6               	MOVSX	EDX,WORD [4086]
   427 000001CB 89 85 FFFFFBD4                  	MOV	DWORD [-1068+EBP],EAX
   428 000001D1 0F BF 05 00000FF4               	MOVSX	EAX,WORD [4084]
   429 000001D8 0F AF C2                        	IMUL	EAX,EDX
   430 000001DB 50                              	PUSH	EAX
   431 000001DC 68 003C0000                     	PUSH	3932160
   432 000001E1 E8 [00000000]                   	CALL	_memman_alloc_4k
   433 000001E6 6A FF                           	PUSH	-1
   434 000001E8 89 C7                           	MOV	EDI,EAX
   435 000001EA 0F BF 05 00000FF6               	MOVSX	EAX,WORD [4086]
   436 000001F1 50                              	PUSH	EAX
   437 000001F2 0F BF 05 00000FF4               	MOVSX	EAX,WORD [4084]
   438 000001F9 50                              	PUSH	EAX
   439 000001FA 57                              	PUSH	EDI
   440 000001FB FF B5 FFFFFBD4                  	PUSH	DWORD [-1068+EBP]
   441 00000201 E8 [00000000]                   	CALL	_sheet_setbuf
   442 00000206 83 C4 20                        	ADD	ESP,32
   443 00000209 0F BF 05 00000FF6               	MOVSX	EAX,WORD [4086]
   444 00000210 50                              	PUSH	EAX
   445 00000211 0F BF 05 00000FF4               	MOVSX	EAX,WORD [4084]
   446 00000218 50                              	PUSH	EAX
   447 00000219 57                              	PUSH	EDI
   448 0000021A E8 [00000000]                   	CALL	_init_screen8
   449 0000021F E8 [00000000]                   	CALL	_nic_init
   450 00000224 0F B6 05 [00000005]             	MOVZX	EAX,BYTE [_nic_mac_addr+5]
   451 0000022B 50                              	PUSH	EAX
   452 0000022C 0F B6 05 [00000004]             	MOVZX	EAX,BYTE [_nic_mac_addr+4]
   453 00000233 50                              	PUSH	EAX
   454 00000234 0F B6 05 [00000003]             	MOVZX	EAX,BYTE [_nic_mac_addr+3]
   455 0000023B 50                              	PUSH	EAX
   456 0000023C 0F B6 05 [00000002]             	MOVZX	EAX,BYTE [_nic_mac_addr+2]
   457 00000243 50                              	PUSH	EAX
   458 00000244 0F B6 05 [00000001]             	MOVZX	EAX,BYTE [_nic_mac_addr+1]
   459 0000024B 50                              	PUSH	EAX
   460 0000024C 0F B6 05 [00000000]             	MOVZX	EAX,BYTE [_nic_mac_addr]
   461 00000253 50                              	PUSH	EAX
   462 00000254 68 [00000100]                   	PUSH	LC0
   463 00000259 53                              	PUSH	EBX
   464 0000025A E8 [00000000]                   	CALL	_sprintf
   465 0000025F 83 C4 2C                        	ADD	ESP,44
   466 00000262 53                              	PUSH	EBX
   467 00000263 6A 07                           	PUSH	7
   468 00000265 6A 00                           	PUSH	0
   469 00000267 6A 00                           	PUSH	0
   470 00000269 0F BF 05 00000FF4               	MOVSX	EAX,WORD [4084]
   471 00000270 50                              	PUSH	EAX
   472 00000271 57                              	PUSH	EDI
   473 00000272 E8 [00000000]                   	CALL	_putfonts8_asc
   474 00000277 31 C0                           	XOR	EAX,EAX
   475 00000279 C7 85 FFFFFBF0 00000000         	MOV	DWORD [-1040+EBP],0
   476 00000283 83 C4 18                        	ADD	ESP,24
   477 00000286                                 L14:
   478 00000286 C1 E0 05                        	SAL	EAX,5
   479 00000289 8A 90 00102600                  	MOV	DL,BYTE [1058304+EAX]
   480 0000028F 84 D2                           	TEST	DL,DL
   481 00000291 0F 84 000000A3                  	JE	L3
   482 00000297 80 FA E5                        	CMP	DL,-27
   483 0000029A 0F 84 00000082                  	JE	L4
   484 000002A0 F6 80 0010260B 18               	TEST	BYTE [1058315+EAX],24
   485 000002A7 75 79                           	JNE	L4
   486 000002A9 FF B0 0010261C                  	PUSH	DWORD [1058332+EAX]
   487 000002AF 68 [0000012C]                   	PUSH	LC1
   488 000002B4 8D 45 C4                        	LEA	EAX,DWORD [-60+EBP]
   489 000002B7 50                              	PUSH	EAX
   490 000002B8 31 F6                           	XOR	ESI,ESI
   491 000002BA E8 [00000000]                   	CALL	_sprintf
   492 000002BF 83 C4 0C                        	ADD	ESP,12
   493 000002C2                                 L13:
   494 000002C2 8B 85 FFFFFBF0                  	MOV	EAX,DWORD [-1040+EBP]
   495 000002C8 C1 E0 05                        	SAL	EAX,5
   496 000002CB 8A 84 30 00102600               	MOV	AL,BYTE [1058304+EAX+ESI*1]
   497 000002D2 88 44 35 C4                     	MOV	BYTE [-60+EBP+ESI*1],AL
   498 000002D6 46                              	INC	ESI
   499 000002D7 83 FE 07                        	CMP	ESI,7
   500 000002DA 7E E6                           	JLE	L13
   501 000002DC 8B 8D FFFFFBF0                  	MOV	ECX,DWORD [-1040+EBP]
   502 000002E2 89 CA                           	MOV	EDX,ECX
   503 000002E4 C1 E1 04                        	SAL	ECX,4
   504 000002E7 C1 E2 05                        	SAL	EDX,5
   505 000002EA 83 C1 10                        	ADD	ECX,16
   506 000002ED 8A 82 00102608                  	MOV	AL,BYTE [1058312+EDX]
   507 000002F3 88 45 CD                        	MOV	BYTE [-51+EBP],AL
   508 000002F6 8A 82 00102609                  	MOV	AL,BYTE [1058313+EDX]
   509 000002FC 88 45 CE                        	MOV	BYTE [-50+EBP],AL
   510 000002FF 8A 82 0010260A                  	MOV	AL,BYTE [1058314+EDX]
   511 00000305 88 45 CF                        	MOV	BYTE [-49+EBP],AL
   512 00000308 8D 45 C4                        	LEA	EAX,DWORD [-60+EBP]
   513 0000030B 50                              	PUSH	EAX
   514 0000030C 6A 07                           	PUSH	7
   515 0000030E 51                              	PUSH	ECX
   516 0000030F 6A 00                           	PUSH	0
   517 00000311 0F BF 05 00000FF4               	MOVSX	EAX,WORD [4084]
   518 00000318 50                              	PUSH	EAX
   519 00000319 57                              	PUSH	EDI
   520 0000031A E8 [00000000]                   	CALL	_putfonts8_asc
   521 0000031F 83 C4 18                        	ADD	ESP,24
   522 00000322                                 L4:
   523 00000322 8B 85 FFFFFBF0                  	MOV	EAX,DWORD [-1040+EBP]
   524 00000328 40                              	INC	EAX
   525 00000329 89 85 FFFFFBF0                  	MOV	DWORD [-1040+EBP],EAX
   526 0000032F 3D 000000DF                     	CMP	EAX,223
   527 00000334 0F 8E FFFFFF4C                  	JLE	L14
   528 0000033A                                 L3:
   529 0000033A FF B5 FFFFFBD8                  	PUSH	DWORD [-1064+EBP]
   530 00000340 FF B5 FFFFFBEC                  	PUSH	DWORD [-1044+EBP]
   531 00000346 8D 9D FFFFFBF4                  	LEA	EBX,DWORD [-1036+EBP]
   532 0000034C E8 00000B6C                     	CALL	_open_console
   533 00000351 FF B5 FFFFFBEC                  	PUSH	DWORD [-1044+EBP]
   534 00000357 89 85 FFFFFBAC                  	MOV	DWORD [-1108+EBP],EAX
   535 0000035D E8 [00000000]                   	CALL	_sheet_alloc
   536 00000362 6A 63                           	PUSH	99
   537 00000364 6A 10                           	PUSH	16
   538 00000366 89 85 FFFFFBD0                  	MOV	DWORD [-1072+EBP],EAX
   539 0000036C 6A 10                           	PUSH	16
   540 0000036E 53                              	PUSH	EBX
   541 0000036F 50                              	PUSH	EAX
   542 00000370 E8 [00000000]                   	CALL	_sheet_setbuf
   543 00000375 83 C4 20                        	ADD	ESP,32
   544 00000378 6A 63                           	PUSH	99
   545 0000037A 53                              	PUSH	EBX
   546 0000037B BB 00000002                     	MOV	EBX,2
   547 00000380 E8 [00000000]                   	CALL	_init_mouse_cursor8
   548 00000385 0F BF 05 00000FF4               	MOVSX	EAX,WORD [4084]
   549 0000038C 83 E8 10                        	SUB	EAX,16
   550 0000038F 99                              	CDQ
   551 00000390 F7 FB                           	IDIV	EBX
   552 00000392 A3 [00000174]                   	MOV	DWORD [_mx],EAX
   553 00000397 0F BF 05 00000FF6               	MOVSX	EAX,WORD [4086]
   554 0000039E 83 E8 2C                        	SUB	EAX,44
   555 000003A1 6A 00                           	PUSH	0
   556 000003A3 99                              	CDQ
   557 000003A4 F7 FB                           	IDIV	EBX
   558 000003A6 6A 00                           	PUSH	0
   559 000003A8 A3 [00000178]                   	MOV	DWORD [_my],EAX
   560 000003AD FF B5 FFFFFBD4                  	PUSH	DWORD [-1068+EBP]
   561 000003B3 8D 5D 84                        	LEA	EBX,DWORD [-124+EBP]
   562 000003B6 E8 [00000000]                   	CALL	_sheet_slide
   563 000003BB 6A 04                           	PUSH	4
   564 000003BD 6A 20                           	PUSH	32
   565 000003BF FF B5 FFFFFBAC                  	PUSH	DWORD [-1108+EBP]
   566 000003C5 E8 [00000000]                   	CALL	_sheet_slide
   567 000003CA 83 C4 20                        	ADD	ESP,32
   568 000003CD FF 35 [00000178]                	PUSH	DWORD [_my]
   569 000003D3 FF 35 [00000174]                	PUSH	DWORD [_mx]
   570 000003D9 FF B5 FFFFFBD0                  	PUSH	DWORD [-1072+EBP]
   571 000003DF E8 [00000000]                   	CALL	_sheet_slide
   572 000003E4 6A 00                           	PUSH	0
   573 000003E6 FF B5 FFFFFBD4                  	PUSH	DWORD [-1068+EBP]
   574 000003EC E8 [00000000]                   	CALL	_sheet_updown
   575 000003F1 6A 01                           	PUSH	1
   576 000003F3 FF B5 FFFFFBAC                  	PUSH	DWORD [-1108+EBP]
   577 000003F9 E8 [00000000]                   	CALL	_sheet_updown
   578 000003FE 6A 02                           	PUSH	2
   579 00000400 FF B5 FFFFFBD0                  	PUSH	DWORD [-1072+EBP]
   580 00000406 E8 [00000000]                   	CALL	_sheet_updown
   581 0000040B 83 C4 24                        	ADD	ESP,36
   582 0000040E FF B5 FFFFFBAC                  	PUSH	DWORD [-1108+EBP]
   583 00000414 E8 000009D0                     	CALL	_keywin_on
   584 00000419 68 000000ED                     	PUSH	237
   585 0000041E 53                              	PUSH	EBX
   586 0000041F E8 [00000000]                   	CALL	_fifo32_put
   587 00000424 FF B5 FFFFFBC4                  	PUSH	DWORD [-1084+EBP]
   588 0000042A 53                              	PUSH	EBX
   589 0000042B E8 [00000000]                   	CALL	_fifo32_put
   590 00000430 68 00002D00                     	PUSH	11520
   591 00000435 68 003C0000                     	PUSH	3932160
   592 0000043A E8 [00000000]                   	CALL	_memman_alloc_4k
   593 0000043F 68 00100200                     	PUSH	1049088
   594 00000444 89 C3                           	MOV	EBX,EAX
   595 00000446 50                              	PUSH	EAX
   596 00000447 E8 [00000000]                   	CALL	_file_readfat
   597 0000044C 83 C4 24                        	ADD	ESP,36
   598 0000044F 68 000000E0                     	PUSH	224
   599 00000454 68 00102600                     	PUSH	1058304
   600 00000459 68 [0000013F]                   	PUSH	LC2
   601 0000045E E8 [00000000]                   	CALL	_file_search
   602 00000463 83 C4 0C                        	ADD	ESP,12
   603 00000466 89 C2                           	MOV	EDX,EAX
   604 00000468 85 C0                           	TEST	EAX,EAX
   605 0000046A 0F 84 000008E1                  	JE	L15
   606 00000470 8B 40 1C                        	MOV	EAX,DWORD [28+EAX]
   607 00000473 53                              	PUSH	EBX
   608 00000474 89 85 FFFFFBF0                  	MOV	DWORD [-1040+EBP],EAX
   609 0000047A 8D 85 FFFFFBF0                  	LEA	EAX,DWORD [-1040+EBP]
   610 00000480 50                              	PUSH	EAX
   611 00000481 0F B7 42 1A                     	MOVZX	EAX,WORD [26+EDX]
   612 00000485 50                              	PUSH	EAX
   613 00000486 E8 [00000000]                   	CALL	_file_loadfile2
   614 0000048B 83 C4 0C                        	ADD	ESP,12
   615 0000048E 89 C1                           	MOV	ECX,EAX
   616 00000490                                 L16:
   617 00000490 89 0D 00000FE8                  	MOV	DWORD [4072],ECX
   618 00000496 68 00002D00                     	PUSH	11520
   619 0000049B 53                              	PUSH	EBX
   620 0000049C 68 003C0000                     	PUSH	3932160
   621 000004A1 E8 [00000000]                   	CALL	_memman_free_4k
   622 000004A6                                 L109:
   623 000004A6 83 C4 0C                        	ADD	ESP,12
   624 000004A9                                 L27:
   625 000004A9 8D 5D 84                        	LEA	EBX,DWORD [-124+EBP]
   626 000004AC 53                              	PUSH	EBX
   627 000004AD E8 [00000000]                   	CALL	_fifo32_status
   628 000004B2 59                              	POP	ECX
   629 000004B3 85 C0                           	TEST	EAX,EAX
   630 000004B5 7E 0D                           	JLE	L30
   631 000004B7 83 BD FFFFFBC0 00               	CMP	DWORD [-1088+EBP],0
   632 000004BE 0F 88 00000867                  	JS	L113
   633 000004C4                                 L30:
   634 000004C4 8D 5D A4                        	LEA	EBX,DWORD [-92+EBP]
   635 000004C7 E8 [00000000]                   	CALL	_io_cli
   636 000004CC 53                              	PUSH	EBX
   637 000004CD E8 [00000000]                   	CALL	_fifo32_status
   638 000004D2 5A                              	POP	EDX
   639 000004D3 85 C0                           	TEST	EAX,EAX
   640 000004D5 0F 84 000007F1                  	JE	L114
   641 000004DB 53                              	PUSH	EBX
   642 000004DC E8 [00000000]                   	CALL	_fifo32_get
   643 000004E1 89 85 FFFFFBF0                  	MOV	DWORD [-1040+EBP],EAX
   644 000004E7 E8 [00000000]                   	CALL	_io_sti
   645 000004EC 58                              	POP	EAX
   646 000004ED 83 BD FFFFFBAC 00               	CMP	DWORD [-1108+EBP],0
   647 000004F4 74 3B                           	JE	L37
   648 000004F6 8B 85 FFFFFBAC                  	MOV	EAX,DWORD [-1108+EBP]
   649 000004FC 83 78 1C 00                     	CMP	DWORD [28+EAX],0
   650 00000500 75 2F                           	JNE	L37
   651 00000502 8B 95 FFFFFBEC                  	MOV	EDX,DWORD [-1044+EBP]
   652 00000508 C7 85 FFFFFBAC 00000000         	MOV	DWORD [-1108+EBP],0
   653 00000512 8B 42 10                        	MOV	EAX,DWORD [16+EDX]
   654 00000515 83 F8 01                        	CMP	EAX,1
   655 00000518 74 17                           	JE	L37
   656 0000051A 8B 8D FFFFFBEC                  	MOV	ECX,DWORD [-1044+EBP]
   657 00000520 8B 44 81 10                     	MOV	EAX,DWORD [16+ECX+EAX*4]
   658 00000524 50                              	PUSH	EAX
   659 00000525 89 85 FFFFFBAC                  	MOV	DWORD [-1108+EBP],EAX
   660 0000052B E8 000008B9                     	CALL	_keywin_on
   661 00000530 58                              	POP	EAX
   662 00000531                                 L37:
   663 00000531 8B 95 FFFFFBF0                  	MOV	EDX,DWORD [-1040+EBP]
   664 00000537 8D 82 FFFFFF00                  	LEA	EAX,DWORD [-256+EDX]
   665 0000053D 3D 000000FF                     	CMP	EAX,255
   666 00000542 0F 86 000003B3                  	JBE	L115
   667 00000548 8D 82 FFFFFE00                  	LEA	EAX,DWORD [-512+EDX]
   668 0000054E 3D 000000FF                     	CMP	EAX,255
   669 00000553 0F 86 00000093                  	JBE	L116
   670 00000559 8D 82 FFFFFD00                  	LEA	EAX,DWORD [-768+EDX]
   671 0000055F 3D 000000FF                     	CMP	EAX,255
   672 00000564 76 6E                           	JBE	L117
   673 00000566 8D 82 FFFFFC00                  	LEA	EAX,DWORD [-1024+EDX]
   674 0000056C 3D 000003E7                     	CMP	EAX,999
   675 00000571 76 43                           	JBE	L118
   676 00000573 8D 82 FFFFF818                  	LEA	EAX,DWORD [-2024+EDX]
   677 00000579 3D 000000FF                     	CMP	EAX,255
   678 0000057E 0F 87 FFFFFF25                  	JA	L27
   679 00000584 6B C2 28                        	IMUL	EAX,EDX,40
   680 00000587 03 85 FFFFFBEC                  	ADD	EAX,DWORD [-1044+EBP]
   681 0000058D 68 0000A500                     	PUSH	42240
   682 00000592 FF B0 FFFEC7D4                  	PUSH	DWORD [-79916+EAX]
   683 00000598 68 003C0000                     	PUSH	3932160
   684 0000059D 8D 98 FFFEC7D4                  	LEA	EBX,DWORD [-79916+EAX]
   685 000005A3 E8 [00000000]                   	CALL	_memman_free_4k
   686 000005A8 53                              	PUSH	EBX
   687 000005A9 E8 [00000000]                   	CALL	_sheet_free
   688 000005AE 83 C4 10                        	ADD	ESP,16
   689 000005B1 E9 FFFFFEF3                     	JMP	L27
   690 000005B6                                 L118:
   691 000005B6 69 D2 000000C0                  	IMUL	EDX,EDX,192
   692 000005BC 03 15 [00000000]                	ADD	EDX,DWORD [_taskctl]
   693 000005C2 8D 82 FFFD0FF8                  	LEA	EAX,DWORD [-192520+EDX]
   694 000005C8 50                              	PUSH	EAX
   695 000005C9 E8 0000096E                     	CALL	_close_constask
   696 000005CE                                 L108:
   697 000005CE 58                              	POP	EAX
   698 000005CF E9 FFFFFED5                     	JMP	L27
   699 000005D4                                 L117:
   700 000005D4 6B C2 28                        	IMUL	EAX,EDX,40
   701 000005D7 8B 8D FFFFFBEC                  	MOV	ECX,DWORD [-1044+EBP]
   702 000005DD 8D 84 08 FFFF8C14               	LEA	EAX,DWORD [-29676+EAX+ECX*1]
   703 000005E4 50                              	PUSH	EAX
   704 000005E5 E8 00000992                     	CALL	_close_console
   705 000005EA EB E2                           	JMP	L108
   706 000005EC                                 L116:
   707 000005EC 0F B6 85 FFFFFBF0               	MOVZX	EAX,BYTE [-1040+EBP]
   708 000005F3 50                              	PUSH	EAX
   709 000005F4 8D 85 FFFFFCF4                  	LEA	EAX,DWORD [-780+EBP]
   710 000005FA 50                              	PUSH	EAX
   711 000005FB E8 [00000000]                   	CALL	_mouse_decode
   712 00000600 59                              	POP	ECX
   713 00000601 5B                              	POP	EBX
   714 00000602 85 C0                           	TEST	EAX,EAX
   715 00000604 0F 84 FFFFFE9F                  	JE	L27
   716 0000060A 8B 85 FFFFFCF8                  	MOV	EAX,DWORD [-776+EBP]
   717 00000610 8B 95 FFFFFCFC                  	MOV	EDX,DWORD [-772+EBP]
   718 00000616 03 05 [00000174]                	ADD	EAX,DWORD [_mx]
   719 0000061C 03 15 [00000178]                	ADD	EDX,DWORD [_my]
   720 00000622 A3 [00000174]                   	MOV	DWORD [_mx],EAX
   721 00000627 85 C0                           	TEST	EAX,EAX
   722 00000629 89 15 [00000178]                	MOV	DWORD [_my],EDX
   723 0000062F 0F 88 000002B7                  	JS	L119
   724 00000635                                 L71:
   725 00000635 85 D2                           	TEST	EDX,EDX
   726 00000637 0F 88 000002A0                  	JS	L120
   727 0000063D                                 L72:
   728 0000063D 0F BF 05 00000FF4               	MOVSX	EAX,WORD [4084]
   729 00000644 48                              	DEC	EAX
   730 00000645 39 05 [00000174]                	CMP	DWORD [_mx],EAX
   731 0000064B 7E 05                           	JLE	L73
   732 0000064D A3 [00000174]                   	MOV	DWORD [_mx],EAX
   733 00000652                                 L73:
   734 00000652 0F BF 05 00000FF6               	MOVSX	EAX,WORD [4086]
   735 00000659 48                              	DEC	EAX
   736 0000065A 39 05 [00000178]                	CMP	DWORD [_my],EAX
   737 00000660 7E 05                           	JLE	L74
   738 00000662 A3 [00000178]                   	MOV	DWORD [_my],EAX
   739 00000667                                 L74:
   740 00000667 8B 0D [00000174]                	MOV	ECX,DWORD [_mx]
   741 0000066D A1 [00000178]                   	MOV	EAX,DWORD [_my]
   742 00000672 89 8D FFFFFBE8                  	MOV	DWORD [-1048+EBP],ECX
   743 00000678 89 85 FFFFFBE4                  	MOV	DWORD [-1052+EBP],EAX
   744 0000067E F7 85 FFFFFD00 00000001         	TEST	DWORD [-768+EBP],1
   745 00000688 75 40                           	JNE	L121
   746 0000068A C7 85 FFFFFBBC FFFFFFFF         	MOV	DWORD [-1092+EBP],-1
   747 00000694 81 BD FFFFFBE0 7FFFFFFF         	CMP	DWORD [-1056+EBP],2147483647
   748 0000069E 0F 84 FFFFFE05                  	JE	L27
   749 000006A4                                 L110:
   750 000006A4 FF B5 FFFFFBDC                  	PUSH	DWORD [-1060+EBP]
   751 000006AA FF B5 FFFFFBE0                  	PUSH	DWORD [-1056+EBP]
   752 000006B0 FF B5 FFFFFBB0                  	PUSH	DWORD [-1104+EBP]
   753 000006B6 E8 [00000000]                   	CALL	_sheet_slide
   754 000006BB C7 85 FFFFFBE0 7FFFFFFF         	MOV	DWORD [-1056+EBP],2147483647
   755 000006C5 E9 FFFFFDDC                     	JMP	L109
   756 000006CA                                 L121:
   757 000006CA 83 BD FFFFFBBC 00               	CMP	DWORD [-1092+EBP],0
   758 000006D1 78 46                           	JS	L122
   759 000006D3 8B 9D FFFFFBE8                  	MOV	EBX,DWORD [-1048+EBP]
   760 000006D9 8B 85 FFFFFBB4                  	MOV	EAX,DWORD [-1100+EBP]
   761 000006DF 2B 9D FFFFFBBC                  	SUB	EBX,DWORD [-1092+EBP]
   762 000006E5 8B BD FFFFFBE4                  	MOV	EDI,DWORD [-1052+EBP]
   763 000006EB 2B BD FFFFFBB8                  	SUB	EDI,DWORD [-1096+EBP]
   764 000006F1 8B 95 FFFFFBE4                  	MOV	EDX,DWORD [-1052+EBP]
   765 000006F7 8D 5C 03 02                     	LEA	EBX,DWORD [2+EBX+EAX*1]
   766 000006FB 89 95 FFFFFBB8                  	MOV	DWORD [-1096+EBP],EDX
   767 00000701 89 9D FFFFFBE0                  	MOV	DWORD [-1056+EBP],EBX
   768 00000707 01 BD FFFFFBDC                  	ADD	DWORD [-1060+EBP],EDI
   769 0000070D 83 A5 FFFFFBE0 FC               	AND	DWORD [-1056+EBP],-4
   770 00000714 E9 FFFFFD90                     	JMP	L27
   771 00000719                                 L122:
   772 00000719 8B 95 FFFFFBEC                  	MOV	EDX,DWORD [-1044+EBP]
   773 0000071F 8B 4A 10                        	MOV	ECX,DWORD [16+EDX]
   774 00000722 8D 71 FF                        	LEA	ESI,DWORD [-1+ECX]
   775 00000725                                 L112:
   776 00000725 85 F6                           	TEST	ESI,ESI
   777 00000727 0F 8E FFFFFD7C                  	JLE	L27
   778 0000072D 8B 85 FFFFFBEC                  	MOV	EAX,DWORD [-1044+EBP]
   779 00000733 8B BD FFFFFBE4                  	MOV	EDI,DWORD [-1052+EBP]
   780 00000739 8B 9D FFFFFBE8                  	MOV	EBX,DWORD [-1048+EBP]
   781 0000073F 8B 44 B0 14                     	MOV	EAX,DWORD [20+EAX+ESI*4]
   782 00000743 89 85 FFFFFBB0                  	MOV	DWORD [-1104+EBP],EAX
   783 00000749 2B 78 10                        	SUB	EDI,DWORD [16+EAX]
   784 0000074C 2B 58 0C                        	SUB	EBX,DWORD [12+EAX]
   785 0000074F 78 38                           	JS	L79
   786 00000751 8B 40 04                        	MOV	EAX,DWORD [4+EAX]
   787 00000754 39 C3                           	CMP	EBX,EAX
   788 00000756 7D 31                           	JGE	L79
   789 00000758 85 FF                           	TEST	EDI,EDI
   790 0000075A 78 2D                           	JS	L79
   791 0000075C 8B 95 FFFFFBB0                  	MOV	EDX,DWORD [-1104+EBP]
   792 00000762 3B 7A 08                        	CMP	EDI,DWORD [8+EDX]
   793 00000765 7D 22                           	JGE	L79
   794 00000767 0F AF C7                        	IMUL	EAX,EDI
   795 0000076A 89 85 FFFFFBA4                  	MOV	DWORD [-1116+EBP],EAX
   796 00000770 8B 12                           	MOV	EDX,DWORD [EDX]
   797 00000772 8B 85 FFFFFBA4                  	MOV	EAX,DWORD [-1116+EBP]
   798 00000778 01 D8                           	ADD	EAX,EBX
   799 0000077A 0F B6 04 10                     	MOVZX	EAX,BYTE [EAX+EDX*1]
   800 0000077E 8B 95 FFFFFBB0                  	MOV	EDX,DWORD [-1104+EBP]
   801 00000784 3B 42 14                        	CMP	EAX,DWORD [20+EDX]
   802 00000787 75 03                           	JNE	L123
   803 00000789                                 L79:
   804 00000789 4E                              	DEC	ESI
   805 0000078A EB 99                           	JMP	L112
   806 0000078C                                 L123:
   807 0000078C 8D 41 FF                        	LEA	EAX,DWORD [-1+ECX]
   808 0000078F 50                              	PUSH	EAX
   809 00000790 52                              	PUSH	EDX
   810 00000791 E8 [00000000]                   	CALL	_sheet_updown
   811 00000796 8B 8D FFFFFBAC                  	MOV	ECX,DWORD [-1108+EBP]
   812 0000079C 58                              	POP	EAX
   813 0000079D 39 8D FFFFFBB0                  	CMP	DWORD [-1104+EBP],ECX
   814 000007A3 5A                              	POP	EDX
   815 000007A4 74 1A                           	JE	L83
   816 000007A6 51                              	PUSH	ECX
   817 000007A7 E8 0000060F                     	CALL	_keywin_off
   818 000007AC 8B 85 FFFFFBB0                  	MOV	EAX,DWORD [-1104+EBP]
   819 000007B2 50                              	PUSH	EAX
   820 000007B3 89 85 FFFFFBAC                  	MOV	DWORD [-1108+EBP],EAX
   821 000007B9 E8 0000062B                     	CALL	_keywin_on
   822 000007BE 5A                              	POP	EDX
   823 000007BF 59                              	POP	ECX
   824 000007C0                                 L83:
   825 000007C0 83 FB 02                        	CMP	EBX,2
   826 000007C3 7E 4D                           	JLE	L84
   827 000007C5 8B 95 FFFFFBB0                  	MOV	EDX,DWORD [-1104+EBP]
   828 000007CB 8B 42 04                        	MOV	EAX,DWORD [4+EDX]
   829 000007CE 83 E8 03                        	SUB	EAX,3
   830 000007D1 39 C3                           	CMP	EBX,EAX
   831 000007D3 7D 3D                           	JGE	L84
   832 000007D5 83 FF 02                        	CMP	EDI,2
   833 000007D8 7E 38                           	JLE	L84
   834 000007DA 83 FF 14                        	CMP	EDI,20
   835 000007DD 7F 33                           	JG	L84
   836 000007DF 85 F6                           	TEST	ESI,ESI
   837 000007E1 74 2F                           	JE	L84
   838 000007E3 8B 0D [00000174]                	MOV	ECX,DWORD [_mx]
   839 000007E9 A1 [00000178]                   	MOV	EAX,DWORD [_my]
   840 000007EE 89 8D FFFFFBBC                  	MOV	DWORD [-1092+EBP],ECX
   841 000007F4 8B 52 0C                        	MOV	EDX,DWORD [12+EDX]
   842 000007F7 8B 8D FFFFFBB0                  	MOV	ECX,DWORD [-1104+EBP]
   843 000007FD 89 85 FFFFFBB8                  	MOV	DWORD [-1096+EBP],EAX
   844 00000803 89 95 FFFFFBB4                  	MOV	DWORD [-1100+EBP],EDX
   845 00000809 8B 49 10                        	MOV	ECX,DWORD [16+ECX]
   846 0000080C 89 8D FFFFFBDC                  	MOV	DWORD [-1060+EBP],ECX
   847 00000812                                 L84:
   848 00000812 8B 85 FFFFFBB0                  	MOV	EAX,DWORD [-1104+EBP]
   849 00000818 8B 50 04                        	MOV	EDX,DWORD [4+EAX]
   850 0000081B 8D 42 EB                        	LEA	EAX,DWORD [-21+EDX]
   851 0000081E 39 D8                           	CMP	EAX,EBX
   852 00000820 0F 8F FFFFFC83                  	JG	L27
   853 00000826 8D 42 FB                        	LEA	EAX,DWORD [-5+EDX]
   854 00000829 39 C3                           	CMP	EBX,EAX
   855 0000082B 0F 8D FFFFFC78                  	JGE	L27
   856 00000831 83 FF 04                        	CMP	EDI,4
   857 00000834 0F 8E FFFFFC6F                  	JLE	L27
   858 0000083A 83 FF 12                        	CMP	EDI,18
   859 0000083D 0F 8F FFFFFC66                  	JG	L27
   860 00000843 8B 95 FFFFFBB0                  	MOV	EDX,DWORD [-1104+EBP]
   861 00000849 F6 42 1C 10                     	TEST	BYTE [28+EDX],16
   862 0000084D 74 42                           	JE	L124
   863 0000084F 8B 8D FFFFFBB0                  	MOV	ECX,DWORD [-1104+EBP]
   864 00000855 8B 59 24                        	MOV	EBX,DWORD [36+ECX]
   865 00000858 68 [0000014B]                   	PUSH	LC4
   866 0000085D FF B3 000000A4                  	PUSH	DWORD [164+EBX]
   867 00000863 E8 [00000000]                   	CALL	_cons_putstr0
   868 00000868 E8 [00000000]                   	CALL	_io_cli
   869 0000086D 8D 43 30                        	LEA	EAX,DWORD [48+EBX]
   870 00000870 89 43 54                        	MOV	DWORD [84+EBX],EAX
   871 00000873 C7 43 4C [00000000]             	MOV	DWORD [76+EBX],_asm_end_app
   872 0000087A E8 [00000000]                   	CALL	_io_sti
   873 0000087F 6A 00                           	PUSH	0
   874 00000881 6A FF                           	PUSH	-1
   875 00000883 53                              	PUSH	EBX
   876 00000884 E8 [00000000]                   	CALL	_task_run
   877 00000889 83 C4 14                        	ADD	ESP,20
   878 0000088C E9 FFFFFC18                     	JMP	L27
   879 00000891                                 L124:
   880 00000891 8B 5A 24                        	MOV	EBX,DWORD [36+EDX]
   881 00000894 6A FF                           	PUSH	-1
   882 00000896 52                              	PUSH	EDX
   883 00000897 E8 [00000000]                   	CALL	_sheet_updown
   884 0000089C FF B5 FFFFFBAC                  	PUSH	DWORD [-1108+EBP]
   885 000008A2 E8 00000514                     	CALL	_keywin_off
   886 000008A7 8B 8D FFFFFBEC                  	MOV	ECX,DWORD [-1044+EBP]
   887 000008AD 8B 41 10                        	MOV	EAX,DWORD [16+ECX]
   888 000008B0 8B 44 81 10                     	MOV	EAX,DWORD [16+ECX+EAX*4]
   889 000008B4 50                              	PUSH	EAX
   890 000008B5 89 85 FFFFFBAC                  	MOV	DWORD [-1108+EBP],EAX
   891 000008BB E8 00000529                     	CALL	_keywin_on
   892 000008C0 E8 [00000000]                   	CALL	_io_cli
   893 000008C5 8D 43 10                        	LEA	EAX,DWORD [16+EBX]
   894 000008C8 6A 04                           	PUSH	4
   895 000008CA 50                              	PUSH	EAX
   896 000008CB E8 [00000000]                   	CALL	_fifo32_put
   897 000008D0 E8 [00000000]                   	CALL	_io_sti
   898 000008D5 83 C4 18                        	ADD	ESP,24
   899 000008D8 E9 FFFFFBCC                     	JMP	L27
   900 000008DD                                 L120:
   901 000008DD C7 05 [00000178] 00000000       	MOV	DWORD [_my],0
   902 000008E7 E9 FFFFFD51                     	JMP	L72
   903 000008EC                                 L119:
   904 000008EC C7 05 [00000174] 00000000       	MOV	DWORD [_mx],0
   905 000008F6 E9 FFFFFD3A                     	JMP	L71
   906 000008FB                                 L115:
   907 000008FB 81 FA 0000017F                  	CMP	EDX,383
   908 00000901 0F 8F 000003BC                  	JG	L41
   909 00000907 83 BD FFFFFBC8 00               	CMP	DWORD [-1080+EBP],0
   910 0000090E 0F 85 000003A4                  	JNE	L42
   911 00000914 8A 82 [FFFFFF00]                	MOV	AL,BYTE [_keytable0.0-256+EDX]
   912 0000091A                                 L111:
   913 0000091A 88 45 C4                        	MOV	BYTE [-60+EBP],AL
   914 0000091D                                 L44:
   915 0000091D 8A 55 C4                        	MOV	DL,BYTE [-60+EBP]
   916 00000920 8D 42 BF                        	LEA	EAX,DWORD [-65+EDX]
   917 00000923 3C 19                           	CMP	AL,25
   918 00000925 77 1D                           	JA	L45
   919 00000927 F7 85 FFFFFBC4 00000004         	TEST	DWORD [-1084+EBP],4
   920 00000931 0F 85 00000372                  	JNE	L106
   921 00000937 83 BD FFFFFBC8 00               	CMP	DWORD [-1080+EBP],0
   922 0000093E 0F 84 0000035A                  	JE	L47
   923 00000944                                 L45:
   924 00000944 8A 45 C4                        	MOV	AL,BYTE [-60+EBP]
   925 00000947 84 C0                           	TEST	AL,AL
   926 00000949 74 26                           	JE	L49
   927 0000094B 83 BD FFFFFBAC 00               	CMP	DWORD [-1108+EBP],0
   928 00000952 74 1D                           	JE	L49
   929 00000954 0F BE C0                        	MOVSX	EAX,AL
   930 00000957 05 00000100                     	ADD	EAX,256
   931 0000095C 8B 95 FFFFFBAC                  	MOV	EDX,DWORD [-1108+EBP]
   932 00000962 50                              	PUSH	EAX
   933 00000963 8B 42 24                        	MOV	EAX,DWORD [36+EDX]
   934 00000966 83 C0 10                        	ADD	EAX,16
   935 00000969 50                              	PUSH	EAX
   936 0000096A E8 [00000000]                   	CALL	_fifo32_put
   937 0000096F 5E                              	POP	ESI
   938 00000970 5F                              	POP	EDI
   939 00000971                                 L49:
   940 00000971 81 BD FFFFFBF0 0000010E         	CMP	DWORD [-1040+EBP],270
   941 0000097B 0F 84 000002F2                  	JE	L125
   942 00000981                                 L50:
   943 00000981 81 BD FFFFFBF0 0000011C         	CMP	DWORD [-1040+EBP],284
   944 0000098B 0F 84 000002B7                  	JE	L126
   945 00000991                                 L51:
   946 00000991 81 BD FFFFFBF0 0000010F         	CMP	DWORD [-1040+EBP],271
   947 0000099B 0F 84 0000025C                  	JE	L127
   948 000009A1                                 L52:
   949 000009A1 8B 85 FFFFFBF0                  	MOV	EAX,DWORD [-1040+EBP]
   950 000009A7 3D 0000012A                     	CMP	EAX,298
   951 000009AC 0F 84 0000023F                  	JE	L128
   952 000009B2                                 L54:
   953 000009B2 3D 00000136                     	CMP	EAX,310
   954 000009B7 0F 84 00000228                  	JE	L129
   955 000009BD                                 L55:
   956 000009BD 3D 000001AA                     	CMP	EAX,426
   957 000009C2 0F 84 00000211                  	JE	L130
   958 000009C8                                 L56:
   959 000009C8 3D 000001B6                     	CMP	EAX,438
   960 000009CD 0F 84 000001FA                  	JE	L131
   961 000009D3                                 L57:
   962 000009D3 3D 0000013A                     	CMP	EAX,314
   963 000009D8 0F 84 000001C6                  	JE	L132
   964 000009DE                                 L58:
   965 000009DE 81 BD FFFFFBF0 00000145         	CMP	DWORD [-1040+EBP],325
   966 000009E8 0F 84 0000018D                  	JE	L133
   967 000009EE                                 L59:
   968 000009EE 81 BD FFFFFBF0 00000146         	CMP	DWORD [-1040+EBP],326
   969 000009F8 0F 84 00000154                  	JE	L134
   970 000009FE                                 L60:
   971 000009FE 81 BD FFFFFBF0 0000013B         	CMP	DWORD [-1040+EBP],315
   972 00000A08 0F 84 000000E3                  	JE	L135
   973 00000A0E                                 L61:
   974 00000A0E 81 BD FFFFFBF0 0000013C         	CMP	DWORD [-1040+EBP],316
   975 00000A18 74 65                           	JE	L136
   976 00000A1A                                 L63:
   977 00000A1A 81 BD FFFFFBF0 00000158         	CMP	DWORD [-1040+EBP],344
   978 00000A24 74 3D                           	JE	L137
   979 00000A26                                 L65:
   980 00000A26 8B 85 FFFFFBF0                  	MOV	EAX,DWORD [-1040+EBP]
   981 00000A2C 3D 000001FA                     	CMP	EAX,506
   982 00000A31 74 24                           	JE	L138
   983 00000A33                                 L66:
   984 00000A33 3D 000001FE                     	CMP	EAX,510
   985 00000A38 0F 85 FFFFFA6B                  	JNE	L27
   986 00000A3E E8 [00000000]                   	CALL	_wait_KBC_sendready
   987 00000A43 FF B5 FFFFFBC0                  	PUSH	DWORD [-1088+EBP]
   988 00000A49 6A 60                           	PUSH	96
   989 00000A4B E8 [00000000]                   	CALL	_io_out8
   990 00000A50 5E                              	POP	ESI
   991 00000A51 5F                              	POP	EDI
   992 00000A52 E9 FFFFFA52                     	JMP	L27
   993 00000A57                                 L138:
   994 00000A57 C7 85 FFFFFBC0 FFFFFFFF         	MOV	DWORD [-1088+EBP],-1
   995 00000A61 EB D0                           	JMP	L66
   996 00000A63                                 L137:
   997 00000A63 8B 95 FFFFFBEC                  	MOV	EDX,DWORD [-1044+EBP]
   998 00000A69 8B 42 10                        	MOV	EAX,DWORD [16+EDX]
   999 00000A6C 83 F8 02                        	CMP	EAX,2
  1000 00000A6F 7E B5                           	JLE	L65
  1001 00000A71 48                              	DEC	EAX
  1002 00000A72 50                              	PUSH	EAX
  1003 00000A73 FF 72 18                        	PUSH	DWORD [24+EDX]
  1004 00000A76 E8 [00000000]                   	CALL	_sheet_updown
  1005 00000A7B 58                              	POP	EAX
  1006 00000A7C 5A                              	POP	EDX
  1007 00000A7D EB A7                           	JMP	L65
  1008 00000A7F                                 L136:
  1009 00000A7F 83 BD FFFFFBC8 00               	CMP	DWORD [-1080+EBP],0
  1010 00000A86 74 92                           	JE	L63
  1011 00000A88 83 BD FFFFFBAC 00               	CMP	DWORD [-1108+EBP],0
  1012 00000A8F 74 0C                           	JE	L64
  1013 00000A91 FF B5 FFFFFBAC                  	PUSH	DWORD [-1108+EBP]
  1014 00000A97 E8 0000031F                     	CALL	_keywin_off
  1015 00000A9C 5B                              	POP	EBX
  1016 00000A9D                                 L64:
  1017 00000A9D FF B5 FFFFFBAC                  	PUSH	DWORD [-1108+EBP]
  1018 00000AA3 E8 00000313                     	CALL	_keywin_off
  1019 00000AA8 FF B5 FFFFFBD8                  	PUSH	DWORD [-1064+EBP]
  1020 00000AAE FF B5 FFFFFBEC                  	PUSH	DWORD [-1044+EBP]
  1021 00000AB4 E8 00000404                     	CALL	_open_console
  1022 00000AB9 6A 04                           	PUSH	4
  1023 00000ABB 6A 20                           	PUSH	32
  1024 00000ABD 50                              	PUSH	EAX
  1025 00000ABE 89 85 FFFFFBAC                  	MOV	DWORD [-1108+EBP],EAX
  1026 00000AC4 E8 [00000000]                   	CALL	_sheet_slide
  1027 00000AC9 8B 85 FFFFFBEC                  	MOV	EAX,DWORD [-1044+EBP]
  1028 00000ACF FF 70 10                        	PUSH	DWORD [16+EAX]
  1029 00000AD2 FF B5 FFFFFBAC                  	PUSH	DWORD [-1108+EBP]
  1030 00000AD8 E8 [00000000]                   	CALL	_sheet_updown
  1031 00000ADD 83 C4 20                        	ADD	ESP,32
  1032 00000AE0 FF B5 FFFFFBAC                  	PUSH	DWORD [-1108+EBP]
  1033 00000AE6 E8 000002FE                     	CALL	_keywin_on
  1034 00000AEB 59                              	POP	ECX
  1035 00000AEC E9 FFFFFF29                     	JMP	L63
  1036 00000AF1                                 L135:
  1037 00000AF1 83 BD FFFFFBC8 00               	CMP	DWORD [-1080+EBP],0
  1038 00000AF8 0F 84 FFFFFF10                  	JE	L61
  1039 00000AFE 8B 8D FFFFFBAC                  	MOV	ECX,DWORD [-1108+EBP]
  1040 00000B04 8B 59 24                        	MOV	EBX,DWORD [36+ECX]
  1041 00000B07 85 DB                           	TEST	EBX,EBX
  1042 00000B09 0F 84 FFFFFEFF                  	JE	L61
  1043 00000B0F 83 7B 34 00                     	CMP	DWORD [52+EBX],0
  1044 00000B13 0F 84 FFFFFEF5                  	JE	L61
  1045 00000B19 68 [0000015C]                   	PUSH	LC3
  1046 00000B1E FF B3 000000A4                  	PUSH	DWORD [164+EBX]
  1047 00000B24 E8 [00000000]                   	CALL	_cons_putstr0
  1048 00000B29 E8 [00000000]                   	CALL	_io_cli
  1049 00000B2E 8D 43 30                        	LEA	EAX,DWORD [48+EBX]
  1050 00000B31 89 43 54                        	MOV	DWORD [84+EBX],EAX
  1051 00000B34 C7 43 4C [00000000]             	MOV	DWORD [76+EBX],_asm_end_app
  1052 00000B3B E8 [00000000]                   	CALL	_io_sti
  1053 00000B40 6A 00                           	PUSH	0
  1054 00000B42 6A FF                           	PUSH	-1
  1055 00000B44 53                              	PUSH	EBX
  1056 00000B45 E8 [00000000]                   	CALL	_task_run
  1057 00000B4A 83 C4 14                        	ADD	ESP,20
  1058 00000B4D E9 FFFFFEBC                     	JMP	L61
  1059 00000B52                                 L134:
  1060 00000B52 68 000000ED                     	PUSH	237
  1061 00000B57 8D 5D 84                        	LEA	EBX,DWORD [-124+EBP]
  1062 00000B5A 53                              	PUSH	EBX
  1063 00000B5B 83 B5 FFFFFBC4 01               	XOR	DWORD [-1084+EBP],1
  1064 00000B62 E8 [00000000]                   	CALL	_fifo32_put
  1065 00000B67 FF B5 FFFFFBC4                  	PUSH	DWORD [-1084+EBP]
  1066 00000B6D 53                              	PUSH	EBX
  1067 00000B6E E8 [00000000]                   	CALL	_fifo32_put
  1068 00000B73 83 C4 10                        	ADD	ESP,16
  1069 00000B76 E9 FFFFFE83                     	JMP	L60
  1070 00000B7B                                 L133:
  1071 00000B7B 68 000000ED                     	PUSH	237
  1072 00000B80 8D 5D 84                        	LEA	EBX,DWORD [-124+EBP]
  1073 00000B83 53                              	PUSH	EBX
  1074 00000B84 83 B5 FFFFFBC4 02               	XOR	DWORD [-1084+EBP],2
  1075 00000B8B E8 [00000000]                   	CALL	_fifo32_put
  1076 00000B90 FF B5 FFFFFBC4                  	PUSH	DWORD [-1084+EBP]
  1077 00000B96 53                              	PUSH	EBX
  1078 00000B97 E8 [00000000]                   	CALL	_fifo32_put
  1079 00000B9C 83 C4 10                        	ADD	ESP,16
  1080 00000B9F E9 FFFFFE4A                     	JMP	L59
  1081 00000BA4                                 L132:
  1082 00000BA4 68 000000ED                     	PUSH	237
  1083 00000BA9 8D 5D 84                        	LEA	EBX,DWORD [-124+EBP]
  1084 00000BAC 53                              	PUSH	EBX
  1085 00000BAD 83 B5 FFFFFBC4 04               	XOR	DWORD [-1084+EBP],4
  1086 00000BB4 E8 [00000000]                   	CALL	_fifo32_put
  1087 00000BB9 FF B5 FFFFFBC4                  	PUSH	DWORD [-1084+EBP]
  1088 00000BBF 53                              	PUSH	EBX
  1089 00000BC0 E8 [00000000]                   	CALL	_fifo32_put
  1090 00000BC5 83 C4 10                        	ADD	ESP,16
  1091 00000BC8 E9 FFFFFE11                     	JMP	L58
  1092 00000BCD                                 L131:
  1093 00000BCD 83 A5 FFFFFBC8 FD               	AND	DWORD [-1080+EBP],-3
  1094 00000BD4 E9 FFFFFDFA                     	JMP	L57
  1095 00000BD9                                 L130:
  1096 00000BD9 83 A5 FFFFFBC8 FE               	AND	DWORD [-1080+EBP],-2
  1097 00000BE0 E9 FFFFFDE3                     	JMP	L56
  1098 00000BE5                                 L129:
  1099 00000BE5 83 8D FFFFFBC8 02               	OR	DWORD [-1080+EBP],2
  1100 00000BEC E9 FFFFFDCC                     	JMP	L55
  1101 00000BF1                                 L128:
  1102 00000BF1 83 8D FFFFFBC8 01               	OR	DWORD [-1080+EBP],1
  1103 00000BF8 E9 FFFFFDB5                     	JMP	L54
  1104 00000BFD                                 L127:
  1105 00000BFD 83 BD FFFFFBAC 00               	CMP	DWORD [-1108+EBP],0
  1106 00000C04 0F 84 FFFFFD97                  	JE	L52
  1107 00000C0A FF B5 FFFFFBAC                  	PUSH	DWORD [-1108+EBP]
  1108 00000C10 E8 000001A6                     	CALL	_keywin_off
  1109 00000C15 8B 8D FFFFFBAC                  	MOV	ECX,DWORD [-1108+EBP]
  1110 00000C1B 5F                              	POP	EDI
  1111 00000C1C 8B 71 18                        	MOV	ESI,DWORD [24+ECX]
  1112 00000C1F 4E                              	DEC	ESI
  1113 00000C20 75 0A                           	JNE	L53
  1114 00000C22 8B 85 FFFFFBEC                  	MOV	EAX,DWORD [-1044+EBP]
  1115 00000C28 8B 70 10                        	MOV	ESI,DWORD [16+EAX]
  1116 00000C2B 4E                              	DEC	ESI
  1117 00000C2C                                 L53:
  1118 00000C2C 8B 95 FFFFFBEC                  	MOV	EDX,DWORD [-1044+EBP]
  1119 00000C32 8B 74 B2 14                     	MOV	ESI,DWORD [20+EDX+ESI*4]
  1120 00000C36 56                              	PUSH	ESI
  1121 00000C37 89 B5 FFFFFBAC                  	MOV	DWORD [-1108+EBP],ESI
  1122 00000C3D E8 000001A7                     	CALL	_keywin_on
  1123 00000C42 5E                              	POP	ESI
  1124 00000C43 E9 FFFFFD59                     	JMP	L52
  1125 00000C48                                 L126:
  1126 00000C48 83 BD FFFFFBAC 00               	CMP	DWORD [-1108+EBP],0
  1127 00000C4F 0F 84 FFFFFD3C                  	JE	L51
  1128 00000C55 8B 95 FFFFFBAC                  	MOV	EDX,DWORD [-1108+EBP]
  1129 00000C5B 68 0000010A                     	PUSH	266
  1130 00000C60 8B 42 24                        	MOV	EAX,DWORD [36+EDX]
  1131 00000C63 83 C0 10                        	ADD	EAX,16
  1132 00000C66 50                              	PUSH	EAX
  1133 00000C67 E8 [00000000]                   	CALL	_fifo32_put
  1134 00000C6C 58                              	POP	EAX
  1135 00000C6D 5A                              	POP	EDX
  1136 00000C6E E9 FFFFFD1E                     	JMP	L51
  1137 00000C73                                 L125:
  1138 00000C73 83 BD FFFFFBAC 00               	CMP	DWORD [-1108+EBP],0
  1139 00000C7A 0F 84 FFFFFD01                  	JE	L50
  1140 00000C80 8B 8D FFFFFBAC                  	MOV	ECX,DWORD [-1108+EBP]
  1141 00000C86 68 00000108                     	PUSH	264
  1142 00000C8B 8B 41 24                        	MOV	EAX,DWORD [36+ECX]
  1143 00000C8E 83 C0 10                        	ADD	EAX,16
  1144 00000C91 50                              	PUSH	EAX
  1145 00000C92 E8 [00000000]                   	CALL	_fifo32_put
  1146 00000C97 59                              	POP	ECX
  1147 00000C98 5B                              	POP	EBX
  1148 00000C99 E9 FFFFFCE3                     	JMP	L50
  1149 00000C9E                                 L47:
  1150 00000C9E 8D 42 20                        	LEA	EAX,DWORD [32+EDX]
  1151 00000CA1 88 45 C4                        	MOV	BYTE [-60+EBP],AL
  1152 00000CA4 E9 FFFFFC9B                     	JMP	L45
  1153 00000CA9                                 L106:
  1154 00000CA9 83 BD FFFFFBC8 00               	CMP	DWORD [-1080+EBP],0
  1155 00000CB0 0F 84 FFFFFC8E                  	JE	L45
  1156 00000CB6 EB E6                           	JMP	L47
  1157 00000CB8                                 L42:
  1158 00000CB8 8A 82 [FFFFFF80]                	MOV	AL,BYTE [_keytable1.1-256+EDX]
  1159 00000CBE E9 FFFFFC57                     	JMP	L111
  1160 00000CC3                                 L41:
  1161 00000CC3 C6 45 C4 00                     	MOV	BYTE [-60+EBP],0
  1162 00000CC7 E9 FFFFFC51                     	JMP	L44
  1163 00000CCC                                 L114:
  1164 00000CCC 83 BD FFFFFBE8 00               	CMP	DWORD [-1048+EBP],0
  1165 00000CD3 79 2B                           	JNS	L139
  1166 00000CD5 81 BD FFFFFBE0 7FFFFFFF         	CMP	DWORD [-1056+EBP],2147483647
  1167 00000CDF 75 15                           	JNE	L140
  1168 00000CE1 FF B5 FFFFFBCC                  	PUSH	DWORD [-1076+EBP]
  1169 00000CE7 E8 [00000000]                   	CALL	_task_sleep
  1170 00000CEC E8 [00000000]                   	CALL	_io_sti
  1171 00000CF1 E9 FFFFF8D8                     	JMP	L108
  1172 00000CF6                                 L140:
  1173 00000CF6 E8 [00000000]                   	CALL	_io_sti
  1174 00000CFB E9 FFFFF9A4                     	JMP	L110
  1175 00000D00                                 L139:
  1176 00000D00 E8 [00000000]                   	CALL	_io_sti
  1177 00000D05 FF B5 FFFFFBE4                  	PUSH	DWORD [-1052+EBP]
  1178 00000D0B FF B5 FFFFFBE8                  	PUSH	DWORD [-1048+EBP]
  1179 00000D11 FF B5 FFFFFBD0                  	PUSH	DWORD [-1072+EBP]
  1180 00000D17 E8 [00000000]                   	CALL	_sheet_slide
  1181 00000D1C C7 85 FFFFFBE8 FFFFFFFF         	MOV	DWORD [-1048+EBP],-1
  1182 00000D26 E9 FFFFF77B                     	JMP	L109
  1183 00000D2B                                 L113:
  1184 00000D2B 53                              	PUSH	EBX
  1185 00000D2C E8 [00000000]                   	CALL	_fifo32_get
  1186 00000D31 89 85 FFFFFBC0                  	MOV	DWORD [-1088+EBP],EAX
  1187 00000D37 E8 [00000000]                   	CALL	_wait_KBC_sendready
  1188 00000D3C FF B5 FFFFFBC0                  	PUSH	DWORD [-1088+EBP]
  1189 00000D42 6A 60                           	PUSH	96
  1190 00000D44 E8 [00000000]                   	CALL	_io_out8
  1191 00000D49 83 C4 0C                        	ADD	ESP,12
  1192 00000D4C E9 FFFFF773                     	JMP	L30
  1193 00000D51                                 L15:
  1194 00000D51 68 00023840                     	PUSH	145472
  1195 00000D56 68 003C0000                     	PUSH	3932160
  1196 00000D5B E8 [00000000]                   	CALL	_memman_alloc_4k
  1197 00000D60 31 D2                           	XOR	EDX,EDX
  1198 00000D62 5E                              	POP	ESI
  1199 00000D63 89 C1                           	MOV	ECX,EAX
  1200 00000D65 C7 85 FFFFFBF0 00000000         	MOV	DWORD [-1040+EBP],0
  1201 00000D6F 5F                              	POP	EDI
  1202 00000D70                                 L21:
  1203 00000D70 8A 82 [00000000]                	MOV	AL,BYTE [_hankaku+EDX]
  1204 00000D76 88 04 0A                        	MOV	BYTE [EDX+ECX*1],AL
  1205 00000D79 8B 85 FFFFFBF0                  	MOV	EAX,DWORD [-1040+EBP]
  1206 00000D7F 40                              	INC	EAX
  1207 00000D80 89 85 FFFFFBF0                  	MOV	DWORD [-1040+EBP],EAX
  1208 00000D86 89 C2                           	MOV	EDX,EAX
  1209 00000D88 3D 00000FFF                     	CMP	EAX,4095
  1210 00000D8D 7E E1                           	JLE	L21
  1211 00000D8F C7 85 FFFFFBF0 00001000         	MOV	DWORD [-1040+EBP],4096
  1212 00000D99 B8 00001000                     	MOV	EAX,4096
  1213 00000D9E                                 L26:
  1214 00000D9E C6 04 08 FF                     	MOV	BYTE [EAX+ECX*1],-1
  1215 00000DA2 8B 85 FFFFFBF0                  	MOV	EAX,DWORD [-1040+EBP]
  1216 00000DA8 40                              	INC	EAX
  1217 00000DA9 89 85 FFFFFBF0                  	MOV	DWORD [-1040+EBP],EAX
  1218 00000DAF 3D 0002383F                     	CMP	EAX,145471
  1219 00000DB4 7E E8                           	JLE	L26
  1220 00000DB6 E9 FFFFF6D5                     	JMP	L16
  1221 00000DBB                                 	GLOBAL	_keywin_off
  1222 00000DBB                                 _keywin_off:
  1223 00000DBB 55                              	PUSH	EBP
  1224 00000DBC 89 E5                           	MOV	EBP,ESP
  1225 00000DBE 53                              	PUSH	EBX
  1226 00000DBF 6A 00                           	PUSH	0
  1227 00000DC1 8B 5D 08                        	MOV	EBX,DWORD [8+EBP]
  1228 00000DC4 53                              	PUSH	EBX
  1229 00000DC5 E8 [00000000]                   	CALL	_change_wtitle8
  1230 00000DCA F6 43 1C 20                     	TEST	BYTE [28+EBX],32
  1231 00000DCE 59                              	POP	ECX
  1232 00000DCF 58                              	POP	EAX
  1233 00000DD0 75 05                           	JNE	L143
  1234 00000DD2                                 L141:
  1235 00000DD2 8B 5D FC                        	MOV	EBX,DWORD [-4+EBP]
  1236 00000DD5 C9                              	LEAVE
  1237 00000DD6 C3                              	RET
  1238 00000DD7                                 L143:
  1239 00000DD7 6A 03                           	PUSH	3
  1240 00000DD9 8B 43 24                        	MOV	EAX,DWORD [36+EBX]
  1241 00000DDC 83 C0 10                        	ADD	EAX,16
  1242 00000DDF 50                              	PUSH	EAX
  1243 00000DE0 E8 [00000000]                   	CALL	_fifo32_put
  1244 00000DE5 58                              	POP	EAX
  1245 00000DE6 5A                              	POP	EDX
  1246 00000DE7 EB E9                           	JMP	L141
  1247 00000DE9                                 	GLOBAL	_keywin_on
  1248 00000DE9                                 _keywin_on:
  1249 00000DE9 55                              	PUSH	EBP
  1250 00000DEA 89 E5                           	MOV	EBP,ESP
  1251 00000DEC 53                              	PUSH	EBX
  1252 00000DED 6A 01                           	PUSH	1
  1253 00000DEF 8B 5D 08                        	MOV	EBX,DWORD [8+EBP]
  1254 00000DF2 53                              	PUSH	EBX
  1255 00000DF3 E8 [00000000]                   	CALL	_change_wtitle8
  1256 00000DF8 F6 43 1C 20                     	TEST	BYTE [28+EBX],32
  1257 00000DFC 59                              	POP	ECX
  1258 00000DFD 58                              	POP	EAX
  1259 00000DFE 75 05                           	JNE	L146
  1260 00000E00                                 L144:
  1261 00000E00 8B 5D FC                        	MOV	EBX,DWORD [-4+EBP]
  1262 00000E03 C9                              	LEAVE
  1263 00000E04 C3                              	RET
  1264 00000E05                                 L146:
  1265 00000E05 6A 02                           	PUSH	2
  1266 00000E07 8B 43 24                        	MOV	EAX,DWORD [36+EBX]
  1267 00000E0A 83 C0 10                        	ADD	EAX,16
  1268 00000E0D 50                              	PUSH	EAX
  1269 00000E0E E8 [00000000]                   	CALL	_fifo32_put
  1270 00000E13 58                              	POP	EAX
  1271 00000E14 5A                              	POP	EDX
  1272 00000E15 EB E9                           	JMP	L144
  1273 00000E17                                 	GLOBAL	_open_constask
  1274 00000E17                                 _open_constask:
  1275 00000E17 55                              	PUSH	EBP
  1276 00000E18 89 E5                           	MOV	EBP,ESP
  1277 00000E1A 56                              	PUSH	ESI
  1278 00000E1B 53                              	PUSH	EBX
  1279 00000E1C E8 [00000000]                   	CALL	_task_alloc
  1280 00000E21 68 00000200                     	PUSH	512
  1281 00000E26 68 003C0000                     	PUSH	3932160
  1282 00000E2B 89 C3                           	MOV	EBX,EAX
  1283 00000E2D E8 [00000000]                   	CALL	_memman_alloc_4k
  1284 00000E32 68 00010000                     	PUSH	65536
  1285 00000E37 68 003C0000                     	PUSH	3932160
  1286 00000E3C 89 C6                           	MOV	ESI,EAX
  1287 00000E3E E8 [00000000]                   	CALL	_memman_alloc_4k
  1288 00000E43 8B 55 08                        	MOV	EDX,DWORD [8+EBP]
  1289 00000E46 C7 43 4C [00000000]             	MOV	DWORD [76+EBX],_console_task
  1290 00000E4D 89 83 000000AC                  	MOV	DWORD [172+EBX],EAX
  1291 00000E53 05 0000FFF4                     	ADD	EAX,65524
  1292 00000E58 89 43 64                        	MOV	DWORD [100+EBX],EAX
  1293 00000E5B C7 43 74 00000008               	MOV	DWORD [116+EBX],8
  1294 00000E62 C7 43 78 00000010               	MOV	DWORD [120+EBX],16
  1295 00000E69 C7 43 7C 00000008               	MOV	DWORD [124+EBX],8
  1296 00000E70 C7 83 00000080 00000008         	MOV	DWORD [128+EBX],8
  1297 00000E7A C7 83 00000084 00000008         	MOV	DWORD [132+EBX],8
  1298 00000E84 C7 83 00000088 00000008         	MOV	DWORD [136+EBX],8
  1299 00000E8E 89 50 04                        	MOV	DWORD [4+EAX],EDX
  1300 00000E91 8B 53 64                        	MOV	EDX,DWORD [100+EBX]
  1301 00000E94 8B 45 0C                        	MOV	EAX,DWORD [12+EBP]
  1302 00000E97 89 42 08                        	MOV	DWORD [8+EDX],EAX
  1303 00000E9A 6A 02                           	PUSH	2
  1304 00000E9C 6A 02                           	PUSH	2
  1305 00000E9E 53                              	PUSH	EBX
  1306 00000E9F E8 [00000000]                   	CALL	_task_run
  1307 00000EA4 8D 43 10                        	LEA	EAX,DWORD [16+EBX]
  1308 00000EA7 53                              	PUSH	EBX
  1309 00000EA8 56                              	PUSH	ESI
  1310 00000EA9 68 00000080                     	PUSH	128
  1311 00000EAE 50                              	PUSH	EAX
  1312 00000EAF E8 [00000000]                   	CALL	_fifo32_init
  1313 00000EB4 8D 65 F8                        	LEA	ESP,DWORD [-8+EBP]
  1314 00000EB7 89 D8                           	MOV	EAX,EBX
  1315 00000EB9 5B                              	POP	EBX
  1316 00000EBA 5E                              	POP	ESI
  1317 00000EBB 5D                              	POP	EBP
  1318 00000EBC C3                              	RET
  1319                                          [SECTION .data]
  1320 0000016B                                 LC6:
  1321 0000016B 63 6F 6E 73 6F 6C 65 00         	DB	"console",0x00
  1322                                          [SECTION .text]
  1323 00000EBD                                 	GLOBAL	_open_console
  1324 00000EBD                                 _open_console:
  1325 00000EBD 55                              	PUSH	EBP
  1326 00000EBE 89 E5                           	MOV	EBP,ESP
  1327 00000EC0 56                              	PUSH	ESI
  1328 00000EC1 53                              	PUSH	EBX
  1329 00000EC2 FF 75 08                        	PUSH	DWORD [8+EBP]
  1330 00000EC5 E8 [00000000]                   	CALL	_sheet_alloc
  1331 00000ECA 68 0000A500                     	PUSH	42240
  1332 00000ECF 68 003C0000                     	PUSH	3932160
  1333 00000ED4 89 C3                           	MOV	EBX,EAX
  1334 00000ED6 E8 [00000000]                   	CALL	_memman_alloc_4k
  1335 00000EDB 6A FF                           	PUSH	-1
  1336 00000EDD 68 000000A5                     	PUSH	165
  1337 00000EE2 89 C6                           	MOV	ESI,EAX
  1338 00000EE4 68 00000100                     	PUSH	256
  1339 00000EE9 50                              	PUSH	EAX
  1340 00000EEA 53                              	PUSH	EBX
  1341 00000EEB E8 [00000000]                   	CALL	_sheet_setbuf
  1342 00000EF0 83 C4 20                        	ADD	ESP,32
  1343 00000EF3 6A 00                           	PUSH	0
  1344 00000EF5 68 [0000016B]                   	PUSH	LC6
  1345 00000EFA 68 000000A5                     	PUSH	165
  1346 00000EFF 68 00000100                     	PUSH	256
  1347 00000F04 56                              	PUSH	ESI
  1348 00000F05 E8 [00000000]                   	CALL	_make_window8
  1349 00000F0A 6A 00                           	PUSH	0
  1350 00000F0C 68 00000080                     	PUSH	128
  1351 00000F11 68 000000F0                     	PUSH	240
  1352 00000F16 6A 1C                           	PUSH	28
  1353 00000F18 6A 08                           	PUSH	8
  1354 00000F1A 53                              	PUSH	EBX
  1355 00000F1B E8 [00000000]                   	CALL	_make_textbox8
  1356 00000F20 83 C4 2C                        	ADD	ESP,44
  1357 00000F23 FF 75 0C                        	PUSH	DWORD [12+EBP]
  1358 00000F26 53                              	PUSH	EBX
  1359 00000F27 E8 FFFFFEEB                     	CALL	_open_constask
  1360 00000F2C 83 4B 1C 20                     	OR	DWORD [28+EBX],32
  1361 00000F30 89 43 24                        	MOV	DWORD [36+EBX],EAX
  1362 00000F33 8D 65 F8                        	LEA	ESP,DWORD [-8+EBP]
  1363 00000F36 89 D8                           	MOV	EAX,EBX
  1364 00000F38 5B                              	POP	EBX
  1365 00000F39 5E                              	POP	ESI
  1366 00000F3A 5D                              	POP	EBP
  1367 00000F3B C3                              	RET
  1368 00000F3C                                 	GLOBAL	_close_constask
  1369 00000F3C                                 _close_constask:
  1370 00000F3C 55                              	PUSH	EBP
  1371 00000F3D 89 E5                           	MOV	EBP,ESP
  1372 00000F3F 53                              	PUSH	EBX
  1373 00000F40 8B 5D 08                        	MOV	EBX,DWORD [8+EBP]
  1374 00000F43 53                              	PUSH	EBX
  1375 00000F44 E8 [00000000]                   	CALL	_task_sleep
  1376 00000F49 68 00010000                     	PUSH	65536
  1377 00000F4E FF B3 000000AC                  	PUSH	DWORD [172+EBX]
  1378 00000F54 68 003C0000                     	PUSH	3932160
  1379 00000F59 E8 [00000000]                   	CALL	_memman_free_4k
  1380 00000F5E 68 00000200                     	PUSH	512
  1381 00000F63 FF 73 10                        	PUSH	DWORD [16+EBX]
  1382 00000F66 68 003C0000                     	PUSH	3932160
  1383 00000F6B E8 [00000000]                   	CALL	_memman_free_4k
  1384 00000F70 C7 43 04 00000000               	MOV	DWORD [4+EBX],0
  1385 00000F77 8B 5D FC                        	MOV	EBX,DWORD [-4+EBP]
  1386 00000F7A C9                              	LEAVE
  1387 00000F7B C3                              	RET
  1388 00000F7C                                 	GLOBAL	_close_console
  1389 00000F7C                                 _close_console:
  1390 00000F7C 55                              	PUSH	EBP
  1391 00000F7D 89 E5                           	MOV	EBP,ESP
  1392 00000F7F 56                              	PUSH	ESI
  1393 00000F80 53                              	PUSH	EBX
  1394 00000F81 8B 5D 08                        	MOV	EBX,DWORD [8+EBP]
  1395 00000F84 8B 73 24                        	MOV	ESI,DWORD [36+EBX]
  1396 00000F87 68 0000A500                     	PUSH	42240
  1397 00000F8C FF 33                           	PUSH	DWORD [EBX]
  1398 00000F8E 68 003C0000                     	PUSH	3932160
  1399 00000F93 E8 [00000000]                   	CALL	_memman_free_4k
  1400 00000F98 53                              	PUSH	EBX
  1401 00000F99 E8 [00000000]                   	CALL	_sheet_free
  1402 00000F9E 89 75 08                        	MOV	DWORD [8+EBP],ESI
  1403 00000FA1 83 C4 10                        	ADD	ESP,16
  1404 00000FA4 8D 65 F8                        	LEA	ESP,DWORD [-8+EBP]
  1405 00000FA7 5B                              	POP	EBX
  1406 00000FA8 5E                              	POP	ESI
  1407 00000FA9 5D                              	POP	EBP
  1408 00000FAA EB 90                           	JMP	_close_constask
  1409 00000FAC                                 	GLOBAL	_get_mx
  1410 00000FAC                                 _get_mx:
  1411 00000FAC 55                              	PUSH	EBP
  1412 00000FAD A1 [00000174]                   	MOV	EAX,DWORD [_mx]
  1413 00000FB2 89 E5                           	MOV	EBP,ESP
  1414 00000FB4 5D                              	POP	EBP
  1415 00000FB5 C3                              	RET
  1416 00000FB6                                 	GLOBAL	_get_my
  1417 00000FB6                                 _get_my:
  1418 00000FB6 55                              	PUSH	EBP
  1419 00000FB7 A1 [00000178]                   	MOV	EAX,DWORD [_my]
  1420 00000FBC 89 E5                           	MOV	EBP,ESP
  1421 00000FBE 5D                              	POP	EBP
  1422 00000FBF C3                              	RET
  1423 00000FC0                                 	GLOBAL	_mx
  1424                                          [SECTION .data]
  1425 00000173 00                              	ALIGNB	4
  1426 00000174                                 _mx:
  1427 00000174 00 00 00 00                     	RESB	4
  1428 00000178                                 	GLOBAL	_my
  1429                                          [SECTION .data]
  1430 00000178                                 	ALIGNB	4
  1431 00000178                                 _my:
  1432 00000178 00 00 00 00                     	RESB	4
